coordconn n PUNCT
cardnum advlizer v PUNCT
v PUNCT
n post v PUNCT
n adv v v PUNCT
v dir PUNCT
PUNCT adv v PUNCT
PUNCT inter v PUNCT
coordconn adv v PUNCT
coordconn post n PUNCT proform PUNCT
v PUNCT
adv DM dir DM n PUNCT interj PUNCT v
n advlizer nvp
v
v PUNCT
proform coordconn inter v PUNCT v PUNCT
adv PUNCT v PUNCT
v PUNCT
v n DM v
adv post v
adv v
v
PUNCT interj adv v PUNCT v PUNCT
v PUNCT
v PUNCT
v PUNCT
v PUNCT
v PUNCT
PUNCT n v PUNCT
dir advlizer v PUNCT v PUNCT
v
dir v PUNCT
adv PUNCT
v coordconn
n advlizer v PUNCT
adv PUNCT
adv PUNCT
v
PUNCT proform PUNCT
n DM PUNCT adv advlizer adv v PUNCT
v PUNCT
n PUNCT
proform PUNCT
v n PUNCT adv PUNCT
v PUNCT
PUNCT proform PUNCT
v
adv v
v
PUNCT proform v n PUNCT
n
coordconn advlizer adv n v
n n
proform advlizer dir PUNCT
adv DM v PUNCT n PUNCT
v
v
n
inter v v coordconn v
v
v
inter v v advlizer proform v PUNCT v PUNCT
cardnum v PUNCT v
n n
interj PUNCT v
n v PUNCT
v
v
v
v PUNCT v
inter post PUNCT
v
v PUNCT
n post v
dir PUNCT
v
dir post
dir coordconn
adv v
n coordconn v
n PUNCT
interj PUNCT
post v
adv DM v v PUNCT v
dir advlizer v
adv n post advlizer v
n PUNCT
n v PUNCT
n nomprt
n post
coordconn n v advlizer n post coordconn v
coordconn n v adv n post adv coordconn post v
n v v
coordconn v n v v adv n post
v n v coordconn v
inter v v
v n mod n mod v coordconn
n inter v v
post v n v
proform verbprt v interj advlizer
coordconn post v v
v mod
n post v
n v coordconn
verbprt v v n coordconn advlizer v
v adv v
n v
dir post v n
n nomprt adv advlizer v
v coordconn adv v nvp
coordconn v coordconn
adv advlizer n v adv v advlizer
proform adv PUNCT adv n v post v v PUNCT
post v adv v coordconn v advlizer coordconn adv v
coordconn v interj n
dir n v v v
mod n mod v
n
n cardnum advlizer v n adv v
post v coordconn v PUNCT
post v coordconn
verbprt pro post v interj post advlizer
interj post advlizer
n n v coordconn inter coordconn v v
n v coordconn
coordconn post v
v
v n
post
v v v
n mod n mod
proform post post v
n post inter v post v
v
v post advlizer
v
inter coordconn v
n DM post v
adv post n post v v
post
post n v post v
n v
verbprt n v adv post
v
post v coordconn n advlizer v
adv post v nomprt n nomprt
post v
coordconn n post post v proform v v v
coordconn adv n n
post v post v coordconn post v proform post mod v v
proform post
n v v
coordconn
proform post mod v n v advlizer
v v v
v adv dir
v coordconn v v v
pro adv advlizer post v
v advlizer v v v v
n post v
inter v post v post v
v adv v advlizer
n v
coordconn post interj v post
coordconn v
coordconn v n v
mod nomprt adv v
inter v verbprt v verbprt
adv
inter n v dir v
n
n v v v
adv n adj DM PUNCT PUNCT n PUNCT n v PUNCT
proform post v coordconn n post PUNCT
coordconn dir v coordconn n post PUNCT
v post n PUNCT
v coordconn adv adv v PUNCT
adv v coordconn adv v coordconn PUNCT
nvp PUNCT
v PUNCT
coordconn n adv v PUNCT
dem n v
proform adv v PUNCT
adv n post v PUNCT
n post n nomprt v advlizer PUNCT n PUNCT post v v PUNCT
n v PUNCT v PUNCT
proform post v advlizer PUNCT
PUNCT interj PUNCT
n PUNCT quant PUNCT n n v advlizer advlizer DM n v PUNCT v PUNCT
PUNCT adv adv n v PUNCT v PUNCT
n n n PUNCT coordconn PUNCT n n n n v advlizer advlizer PUNCT
adv v v coordconn PUNCT
PUNCT n mod post v advlizer post v PUNCT PUNCT v PUNCT
PUNCT imp verbprt PUNCT
n advlizer n v advlizer PUNCT verbprt n mod v PUNCT
PUNCT inter v advlizer dir n inter inter v coordconn inter post v coordconn n coordconn v post PUNCT v PUNCT
interj PUNCT
adv n PUNCT
v PUNCT
PUNCT nvp PUNCT
post advlizer n mod cardnum nomprt v PUNCT dir PUNCT
n v PUNCT
n post v v coordconn PUNCT
coordconn v PUNCT
PUNCT coordconn PUNCT n n mod post v PUNCT
coordconn n PUNCT PUNCT inter v DM v PUNCT v PUNCT
n DM n n mod v PUNCT
dir post v verbprt n v post v PUNCT
n adv PUNCT PUNCT v PUNCT
adv post v advlizer PUNCT
v PUNCT
v advlizer PUNCT
PUNCT post n n PUNCT v PUNCT
PUNCT interj PUNCT v v PUNCT v PUNCT
coordconn n v PUNCT
coordconn PUNCT PUNCT verbprt v PUNCT v coordconn dir advlizer v v n post PUNCT
n DM v PUNCT
quant inter advlizer PUNCT v PUNCT advlizer v advlizer n PUNCT
n n v coordconn n post v coordconn v advlizer v advlizer n post post post v advlizer PUNCT
n v PUNCT
PUNCT quant PUNCT v inter v advlizer
advlizer n advlizer v coordconn PUNCT
PUNCT dir v PUNCT
n PUNCT PUNCT inter DM v PUNCT
v PUNCT
PUNCT adv n advlizer PUNCT n advlizer v PUNCT v PUNCT
PUNCT interj PUNCT
PUNCT verbprt adv v PUNCT nvp PUNCT v PUNCT
PUNCT dir v PUNCT
dir n post v coordconn PUNCT
n post adv adv n nomprt adv v PUNCT
n PUNCT PUNCT adv n v verbprt PUNCT n v PUNCT
PUNCT adv v post n v verbprt PUNCT proform n DM v PUNCT
dir post v coordconn PUNCT
n PUNCT
n dir advlizer v PUNCT
v PUNCT
PUNCT dem n v PUNCT v post coordconn v PUNCT
v advlizer n mod v PUNCT
coordconn PUNCT dem n v PUNCT
v advlizer n mod v PUNCT
PUNCT coordconn PUNCT n n post v PUNCT
PUNCT coordconn PUNCT n mod n v advlizer n v coordconn PUNCT
n advlizer post v PUNCT
coordconn n mod post adv n post v advlizer v coordconn PUNCT
verbprt post v PUNCT
v coordconn n n nomprt dir n adv dir coordconn v advlizer PUNCT
PUNCT inter DM v PUNCT
n v PUNCT
PUNCT pro PUNCT
PUNCT pro PUNCT
PUNCT n PUNCT pro v PUNCT v PUNCT
n PUNCT v PUNCT v PUNCT
PUNCT verbprt post v PUNCT v PUNCT
PUNCT v advlizer PUNCT n v PUNCT v PUNCT
coordconn v coordconn PUNCT
PUNCT dir n dir n n n proform post v PUNCT v PUNCT
proform post v coordconn v advlizer dir coordconn v coordconn PUNCT
PUNCT v PUNCT
v PUNCT
PUNCT onom PUNCT PUNCT v PUNCT
v coordconn PUNCT
PUNCT proform adv n adv advlizer n v advlizer PUNCT adv DM proform v PUNCT PUNCT v PUNCT
n advlizer dir v coordconn n n PUNCT
PUNCT dir v PUNCT
PUNCT coordconn v coordconn n v PUNCT v PUNCT
n DM PUNCT PUNCT verbprt v PUNCT
PUNCT adv advlizer PUNCT adv advlizer v PUNCT v PUNCT
coordconn n n post v coordconn n PUNCT quant PUNCT v PUNCT
PUNCT dir PUNCT dir PUNCT dir PUNCT
v PUNCT v adv dem proform v v PUNCT v PUNCT
PUNCT dem n v PUNCT dem n v PUNCT dem n v PUNCT quant PUNCT adv n post inter v advlizer proform v verbprt PUNCT v PUNCT
coordconn adv advlizer n PUNCT cardnum PUNCT nomprt v PUNCT
cardnum n nomprt PUNCT
PUNCT pro n v PUNCT pro n v PUNCT v PUNCT
coordconn n n DM PUNCT v PUNCT
PUNCT verbprt n v PUNCT inter v PUNCT v PUNCT
n PUNCT PUNCT n nomprt post v PUNCT v PUNCT n nomprt PUNCT
coordconn n n n mod v dir v PUNCT PUNCT dir v PUNCT v PUNCT
dir v coordconn PUNCT
PUNCT interj PUNCT
n nomprt PUNCT
n nomprt PUNCT
PUNCT v PUNCT
coordconn PUNCT PUNCT n v n n v PUNCT v coordconn adv v n PUNCT
dir v PUNCT
PUNCT interj PUNCT
PUNCT interj PUNCT
n PUNCT
v PUNCT
v post PUNCT
n v advlizer v coordconn n advlizer v advlizer PUNCT
PUNCT interj PUNCT
v PUNCT
PUNCT n PUNCT n n PUNCT v PUNCT
adv v PUNCT
n PUNCT n PUNCT n n n post v PUNCT
adv n dir v post PUNCT
v PUNCT coordconn n DM PUNCT post v PUNCT
post post v post PUNCT
v coordconn post v PUNCT
dir post post v PUNCT
n n v post PUNCT
dir v post v v post advlizer v PUNCT
n mod post v PUNCT n v post PUNCT
inter v PUNCT
n v PUNCT v PUNCT n post PUNCT n post advlizer PUNCT n v PUNCT v PUNCT
n mod v PUNCT v PUNCT
adv v advlizer v n post v PUNCT
coordconn post v PUNCT
PUNCT n PUNCT v PUNCT
PUNCT pro verbprt v PUNCT n v PUNCT
coordconn n v post dir v PUNCT
n nomprt v coordconn n dir v coordconn n dir v PUNCT
v adv adv adv v v advlizer PUNCT
PUNCT inter v v v PUNCT
v v v PUNCT
dir coordconn n nomprt v PUNCT
adv v advlizer advlizer dir coordconn n nomprt advlizer n nomprt advlizer v v v PUNCT
adv advlizer n mod post post v advlizer PUNCT
coordconn advlizer v coordconn v PUNCT
nvp PUNCT
proform coordconn v cardnum post n n v coordconn v PUNCT
n v advlizer advlizer v PUNCT
adv post v PUNCT
dir coordconn n nomprt v PUNCT
adv v advlizer advlizer dir coordconn n nomprt advlizer n nomprt advlizer v PUNCT v v PUNCT
adv advlizer n mod post post v advlizer PUNCT
nvp PUNCT
proform coordconn v cardnum post n n v coordconn v PUNCT
n v advlizer advlizer v PUNCT
adv post v PUNCT
adv verbprt v PUNCT
n adv v post PUNCT adv inter v advlizer PUNCT
post inter v advlizer PUNCT
pro DM PUNCT n v n v post pro DM v v coordconn PUNCT PUNCT adv DM v nomprt proform nomprt proform nomprt DM PUNCT v PUNCT
proform nomprt DM n nomprt v n v advlizer post v PUNCT
v post adv v PUNCT
n nomprt PUNCT n nomprt PUNCT n nomprt PUNCT n nomprt proform nomprt v v advlizer verbprt adv v PUNCT
pro DM post DM PUNCT n PUNCT nomprt PUNCT
verbprt v v dir n nomprt v PUNCT
post v PUNCT n PUNCT
n post DM v PUNCT n PUNCT
pro DM post n nomprt verbprt v PUNCT
dir n post advlizer post verbprt n nomprt v PUNCT
post DM adv v PUNCT
n post v coordconn advlizer n nomprt n v nomprt advlizer post v coordconn n nomprt PUNCT PUNCT dem DM v PUNCT dem DM verbprt v PUNCT verbprt n v PUNCT dem DM PUNCT n nomprt v PUNCT
n adv n v PUNCT post v post PUNCT quant PUNCT n v PUNCT
n n advlizer DM verbprt v PUNCT
adv advlizer DM n post v coordconn dir n post v v advlizer adv post PUNCT
proform post advlizer DM n v PUNCT
n advlizer verbprt v PUNCT
adv n nomprt adv v PUNCT
post DM n nomprt PUNCT n nomprt verbprt v v PUNCT
post dir v post adv adv v post inter v post adv DM adv post adv DM n nomprt v PUNCT v dir inter v post PUNCT
proform adv verbprt v v PUNCT
adv DM verbprt adv v v coordconn verbprt adv v post v v PUNCT
post n nomprt dir v PUNCT
coordconn advlizer v nomprt n nomprt DM verbprt post v PUNCT
n DM verbprt adv v PUNCT
adv n v nomprt advlizer n adv v advlizer v dir v adv PUNCT
verbprt n nomprt post PUNCT
n n v advlizer proform DM adv v PUNCT
n mod nomprt v post PUNCT verbprt n nomprt dir PUNCT
n post v post proform nomprt n nomprt proform nomprt DM n post PUNCT
proform advlizer DM n post PUNCT PUNCT dir v PUNCT v PUNCT
post v n v v PUNCT
dir n PUNCT n PUNCT
proform n nomprt adv v post advlizer n post v advlizer n proform adv v PUNCT
n post v PUNCT
proform adv verbprt n verbprt n nomprt n mod nomprt verbprt adv v post PUNCT
n nomprt n nomprt v n nomprt v dir PUNCT
n post adv v PUNCT
inter n nomprt n nomprt n nomprt inter v PUNCT inter nomprt v PUNCT proform nomprt v proform nomprt v proform adv inter v coordconn DM n nomprt n nomprt post v PUNCT
dem v post v adv verbprt v PUNCT
v adv v PUNCT
proform DM n nomprt post v PUNCT
n nomprt inter v advlizer PUNCT adv v advlizer PUNCT inter n v proform inter v PUNCT n post nomprt v nomprt DM PUNCT
n nomprt adv DM n v DM n nomprt v PUNCT
dir inter v n post PUNCT quant post PUNCT n inter v proform nomprt n nomprt v post PUNCT
adv n v PUNCT
dir post n nomprt PUNCT quant PUNCT v advlizer adv proform adv proform inter v dir post v proform PUNCT
inter v post v post PUNCT proform DM PUNCT v v PUNCT n PUNCT nomprt adv v PUNCT
n v advlizer adv DM adv adv v coordconn n nomprt coordconn v v PUNCT
n n v PUNCT adv PUNCT PUNCT proform PUNCT adv PUNCT proform adv PUNCT dir dir coordconn v proform v adv DM n adv DM n nomprt v proform v PUNCT
dir n PUNCT n PUNCT PUNCT quant PUNCT inter v advlizer proform advlizer DM n nomprt adv v advlizer v advlizer PUNCT
n nomprt adv advlizer v v v PUNCT
n v PUNCT
adj post DM post adv PUNCT
n v PUNCT
adv post n mod v n PUNCT
adv v advlizer n dir post adv v coordconn n dir v PUNCT
n n mod n post v PUNCT
n PUNCT PUNCT dir n v PUNCT v PUNCT
dir n post v n v PUNCT
n v post v PUNCT
PUNCT n PUNCT
PUNCT n PUNCT n DM n adv post n v PUNCT v PUNCT
PUNCT v PUNCT v PUNCT
v PUNCT advlizer v PUNCT
pro DM adv post n post v v DM v PUNCT
inter DM v pro DM v PUNCT
adv v coordconn v PUNCT
n v v verbprt adv v PUNCT
PUNCT n v PUNCT v PUNCT
adv v advlizer v coordconn DM v PUNCT
v advlizer n v proform adv DM v proform adv DM inter adv v PUNCT
dir verbprt n verbprt v PUNCT
adv DM n post n nomprt n nomprt adv DM v post PUNCT
n v post DM v adv post PUNCT
adv post n n v n n PUNCT
quant PUNCT adv nvp nomprt PUNCT
PUNCT quant PUNCT nvp PUNCT
n n mod n n v PUNCT
dir dir post v PUNCT pro DM PUNCT
n coordconn n n n v PUNCT n PUNCT coordconn PUNCT n PUNCT
n PUNCT
n coordconn n coordconn v post PUNCT
n advlizer v coordconn PUNCT
v v PUNCT
v PUNCT
advlizer v PUNCT
v PUNCT
proform nomprt DM DM n v post n v PUNCT
proform post v PUNCT
n v PUNCT
PUNCT n PUNCT v PUNCT post proform advlizer v advlizer PUNCT n v PUNCT v PUNCT
PUNCT v advlizer v PUNCT v PUNCT
n DM PUNCT PUNCT n DM dir n v advlizer v v PUNCT
PUNCT v advlizer v coordconn adv advlizer n nomprt v PUNCT
coordconn n n mod n v PUNCT
coordconn v PUNCT
n adj v coordconn dir n v PUNCT
n n verbprt adj n adj PUNCT
PUNCT v PUNCT adv v PUNCT v PUNCT
n dir n nomprt v nomprt advlizer v PUNCT
n mod v PUNCT
n PUNCT PUNCT v coordconn v PUNCT v PUNCT
proform DM adv post v coordconn PUNCT
n n PUNCT
v adv v v PUNCT
proform n n post post v PUNCT
n DM v PUNCT v PUNCT
n DM v coordconn v v coordconn proform v PUNCT
adv n v coordconn PUNCT PUNCT adv advlizer v PUNCT
n adv n DM v PUNCT
n DM adv v advlizer v adv advlizer PUNCT
n n n
proform DM dir post post v coordconn PUNCT
n PUNCT v PUNCT
n PUNCT n adj PUNCT
proform inter v PUNCT
v n DM v v advlizer PUNCT
coordconn adv advlizer v PUNCT
n mod DM v PUNCT
coordconn inter v PUNCT
adv n v coordconn adv advlizer v PUNCT
n adj DM PUNCT PUNCT interj PUNCT
PUNCT adv v PUNCT
n DM PUNCT PUNCT n PUNCT
n PUNCT
PUNCT dir v PUNCT
PUNCT interj PUNCT
v PUNCT
PUNCT dir v PUNCT
dir v PUNCT
PUNCT adv advlizer PUNCT v PUNCT
PUNCT n PUNCT
n PUNCT
n DM adv adv post nvp PUNCT
v PUNCT
v PUNCT v PUNCT v PUNCT v post PUNCT
proform DM n post v PUNCT
PUNCT v PUNCT
n mod DM PUNCT PUNCT post v PUNCT
n DM PUNCT
n mod DM adv v PUNCT
coordconn n dir v PUNCT
n PUNCT PUNCT n PUNCT n PUNCT
PUNCT n PUNCT
PUNCT dir v PUNCT
PUNCT v PUNCT n v PUNCT
PUNCT dir PUNCT
dir PUNCT
dir PUNCT
PUNCT n PUNCT
n adv advlizer v coordconn PUNCT
cardnum v PUNCT
v PUNCT
dem DM n PUNCT
adj PUNCT
PUNCT n mod PUNCT
v PUNCT
n nomprt v PUNCT
dir n n v post n v PUNCT
proform post n post v advlizer PUNCT
PUNCT n post n nomprt v n post PUNCT
n coordconn PUNCT
n v coordconn PUNCT
PUNCT coordconn PUNCT n coordconn v coordconn n nomprt adv v PUNCT
n nomprt adv v coordconn
n n v PUNCT
n post post adv n inter PUNCT n n PUNCT
dir n post post n v PUNCT
proform DM n PUNCT n mod v proform coordconn PUNCT
post n PUNCT
n n post v PUNCT
proform DM verbprt v PUNCT
v PUNCT
v PUNCT
n nvp PUNCT n nvp adv PUNCT
coordconn cardnum v post PUNCT n mod proform nomprt DM PUNCT
pro PUNCT pro DM v PUNCT
PUNCT post v PUNCT v PUNCT
proform n PUNCT PUNCT interj PUNCT v PUNCT PUNCT post v PUNCT v PUNCT
PUNCT interj PUNCT n coordconn PUNCT
PUNCT interj post v PUNCT n v coordconn PUNCT
v PUNCT
coordconn n v advlizer v PUNCT n PUNCT
adv v v coordconn n v PUNCT
v PUNCT
v PUNCT
n PUNCT
n PUNCT
adv post adv v PUNCT
coordconn adv v coordconn PUNCT
PUNCT interj PUNCT
verbprt adj PUNCT
verbprt adj adv PUNCT PUNCT v PUNCT
pro DM PUNCT adv PUNCT
PUNCT n PUNCT
v PUNCT v PUNCT
adv verbprt advlizer v n inter v PUNCT
adv interj PUNCT
adv v advlizer PUNCT adv v coordconn PUNCT
v n v PUNCT
coordconn n coordconn n coordconn v PUNCT
v advlizer advlizer n nvp PUNCT
adv post v post n post PUNCT
n n v coordconn n advlizer dir v PUNCT
v post n v PUNCT
coordconn proform coordconn n nomprt dir v adv PUNCT
proform dir post v post n v PUNCT
coordconn DM v post v adv post v PUNCT
v PUNCT adv v dir PUNCT
proform n mod v coordconn v PUNCT
verbprt n post v
n post v advlizer mod v advlizer post v PUNCT
coordconn adv adv v post adv v n n v advlizer PUNCT
coordconn n v advlizer PUNCT proform adv dir v PUNCT
coordconn adv post advlizer n v PUNCT
dir v advlizer n post v PUNCT
coordconn proform n mod v n nomprt n v proform nomprt n v PUNCT
post n dir post post post n v coordconn v PUNCT
n v PUNCT
n post n v adv DM n post v advlizer PUNCT
coordconn adv coordconn n post n v coordconn n post adv n v proform DM PUNCT
v n v post v post n v advlizer n v PUNCT
n advlizer adv v PUNCT
coordconn adv n v adv adv nvp advlizer adv advlizer adv n v PUNCT
n post v n PUNCT
coordconn adv adv post v post PUNCT
n adv post adv v post post adv post v advlizer PUNCT
n dir adv v PUNCT
proform coordconn adv v post PUNCT n v PUNCT
coordconn dir v PUNCT
adv DM adv v coordconn adv dir v coordconn PUNCT
post v post DM v PUNCT
n post adv v PUNCT proform v PUNCT
mod v PUNCT n PUNCT
n n v PUNCT
proform DM n post v proform n v DM PUNCT
n v PUNCT
proform DM pro PUNCT
adv v PUNCT
n n v proform v PUNCT
n n post n PUNCT
v PUNCT
post n mod PUNCT
n post v PUNCT
proform DM n post v coordconn
adv v PUNCT v coordconn adv dir v v PUNCT
proform DM v v v adv v v PUNCT
n post v PUNCT
dir n v proform post v PUNCT
coordconn dir v advlizer PUNCT dir v advlizer verbprt n v PUNCT
dir dir n mod v post adv n post v
coordconn adv n adv n v post n v post
adv v PUNCT
n v coordconn v PUNCT
n v n n adv v advlizer PUNCT
n post adv n v PUNCT proform DM adv v PUNCT
n v proform n n PUNCT
n nvp post n post v PUNCT
n post v adv post PUNCT
dir n coordconn n coordconn PUNCT n post v PUNCT
n post v PUNCT v advlizer PUNCT
coordconn proform DM post v PUNCT
n nvp post dir n post v PUNCT n nomprt PUNCT
inter v PUNCT inter v v v PUNCT
coordconn proform post v PUNCT
proform coordconn adv DM n adv v coordconn n v post PUNCT v adv PUNCT
n nvp PUNCT
proform adv v PUNCT
n v advlizer proform advlizer DM n nomprt dir inter v proform advlizer v PUNCT v PUNCT v PUNCT
proform DM proform DM n v post post v advlizer DM v PUNCT
proform DM proform adv n post v PUNCT
mod v verbprt v PUNCT
adv v post n post v PUNCT
coordconn proform DM n v PUNCT
n n PUNCT n PUNCT
adv v advlizer n post v PUNCT
v post
PUNCT v PUNCT
n nomprt verbprt v PUNCT
post v PUNCT n DM PUNCT
inter v v PUNCT
n v PUNCT n v advlizer PUNCT n v advlizer v PUNCT
v nvp PUNCT
proform v adv advlizer v PUNCT
proform DM v n post PUNCT
coordconn n adv v post proform adv adv n PUNCT adv n v PUNCT
proform adv v PUNCT
coordconn v n n proform v dem n v coordconn v advlizer PUNCT
PUNCT n PUNCT n PUNCT n PUNCT n PUNCT v PUNCT
coordconn n post post v PUNCT v adv n post v PUNCT
verbprt v advlizer PUNCT
proform post
interj
n
n PUNCT
v PUNCT
interj PUNCT
v PUNCT
adv
n nvp PUNCT
proform post v DM adv v PUNCT
adv post v PUNCT
proform v post proform adv post PUNCT
v PUNCT
n advlizer nvp coordconn PUNCT
n PUNCT n DM n v PUNCT
dir n post v PUNCT
n n n PUNCT quant v PUNCT adv v PUNCT coordconn DM post v PUNCT
n post n post PUNCT
n post n post v PUNCT
coordconn n v coordconn n nomprt n nomprt adv v PUNCT
n nomprt DM PUNCT n nomprt DM PUNCT n nomprt coordconn PUNCT v coordconn nvp PUNCT
PUNCT adv n v PUNCT n PUNCT quant PUNCT v PUNCT PUNCT proform PUNCT DM post v PUNCT
PUNCT n post v PUNCT
PUNCT n post v PUNCT
coordconn n DM n v PUNCT coordconn v inter v inter PUNCT
PUNCT n nomprt post v PUNCT v PUNCT
PUNCT v PUNCT n post v PUNCT v PUNCT
v PUNCT
n nvp PUNCT
v coordconn PUNCT
n adv advlizer dir n nomprt n v PUNCT
adv DM n v v n n v advlizer advlizer PUNCT
v PUNCT
n n mod PUNCT
interj PUNCT
PUNCT dir post v PUNCT
PUNCT adv v PUNCT n v PUNCT
post v advlizer v PUNCT
n PUNCT PUNCT v PUNCT
n post v v PUNCT
n proform post v PUNCT n post v PUNCT
n nomprt coordconn n nomprt coordconn PUNCT v PUNCT coordconn adv v post v PUNCT
coordconn adv n PUNCT n v mod PUNCT post v coordconn v n mod v PUNCT
proform post post n v n mod adv dir v PUNCT
interj PUNCT adv verbprt v PUNCT
n post v advlizer PUNCT PUNCT interj PUNCT PUNCT post v PUNCT post v PUNCT
adv advlizer n dir n v PUNCT
post v v PUNCT
PUNCT n PUNCT adv v PUNCT
n n v coordconn post PUNCT v PUNCT
PUNCT adv post v PUNCT v PUNCT adv post v PUNCT
PUNCT cardnum post PUNCT v coordconn n post post v post dir proform n post v PUNCT
proform advlizer n dir PUNCT v PUNCT n PUNCT
PUNCT inter DM inter DM v PUNCT
v PUNCT
proform v coordconn v dir v PUNCT
n adv v PUNCT
PUNCT interj v PUNCT v PUNCT
v coordconn v
v n post v PUNCT
v v PUNCT coordconn PUNCT n v PUNCT post PUNCT quant PUNCT post post v coordconn PUNCT
proform n DM n post v coordconn PUNCT dir v PUNCT v PUNCT
v
proform PUNCT n v PUNCT coordconn PUNCT
PUNCT n mod PUNCT
n post v PUNCT
PUNCT v PUNCT v PUNCT
proform DM adv n advlizer v proform n v advlizer PUNCT v PUNCT
pro DM v advlizer proform v v post v PUNCT
coordconn DM n nomprt PUNCT quant post inter v coordconn DM v PUNCT
coordconn v PUNCT
adv PUNCT n PUNCT dir v coordconn advlizer dir n post PUNCT n PUNCT v PUNCT
dir n v post PUNCT inter v post PUNCT dir v PUNCT
n DM n v PUNCT
n n DM dir n post post v PUNCT
dir PUNCT post v PUNCT adv v n post PUNCT
n post v dir PUNCT v PUNCT
PUNCT post v PUNCT
v coordconn PUNCT n PUNCT n PUNCT nvp PUNCT v PUNCT
PUNCT n PUNCT nvp PUNCT v post coordconn v n post PUNCT
PUNCT adv adv post adv post v advlizer n v advlizer adv advlizer v coordconn adv advlizer post post v verbprt PUNCT v PUNCT
PUNCT n v n PUNCT v coordconn n n post v PUNCT
n adv v PUNCT n PUNCT
interj PUNCT v PUNCT
n adv v PUNCT
coordconn v PUNCT
PUNCT adv v PUNCT v dir post v PUNCT
dir post v PUNCT
interj v PUNCT
n PUNCT
n n post v PUNCT nprop PUNCT
n post v PUNCT
coordconn dir v PUNCT
post v PUNCT
post v verbprt v PUNCT
n n post v PUNCT nprop PUNCT
nprop coordconn v post n v PUNCT
coordconn n post v nomprt n nomprt n nomprt advlizer v PUNCT
proform v advlizer v v PUNCT
v v coordconn post v PUNCT
PUNCT adv DM v PUNCT adv DM v PUNCT adv DM n v PUNCT
PUNCT adv adv DM n nomprt v PUNCT
n nomprt v coordconn post v proform post PUNCT
n cardnum adv v PUNCT
post v PUNCT
dir n post v post PUNCT
proform advlizer post v PUNCT
PUNCT n v advlizer n mod v PUNCT v PUNCT
v PUNCT
coordconn adv v PUNCT post v coordconn PUNCT post v coordconn PUNCT
coordconn advlizer coordconn n v PUNCT
PUNCT interj PUNCT n v PUNCT v PUNCT
PUNCT dir PUNCT dir v PUNCT
PUNCT v verbprt PUNCT v PUNCT
dir proform v PUNCT
n post post v PUNCT
coordconn advlizer n v PUNCT
n v coordconn v PUNCT
n adv dir nomprt v post DM coordconn adv adv advlizer v PUNCT
coordconn DM PUNCT PUNCT inter DM v PUNCT
n PUNCT PUNCT dem inter v proform advlizer v v post PUNCT
PUNCT proform advlizer v v PUNCT v PUNCT
proform advlizer PUNCT
nprop post v PUNCT
n v post v coordconn n DM v PUNCT
dir v coordconn PUNCT
n nomprt post v coordconn n post v PUNCT
coordconn post proform adv post v
v post dir PUNCT
proform n dir PUNCT v PUNCT adv post v PUNCT
v advlizer adv v PUNCT
post v post v coordconn n v coordconn PUNCT
n nomprt v post PUNCT v PUNCT
dir n post v PUNCT
dir v PUNCT dir v coordconn adv dir post v PUNCT dir PUNCT
n nomprt post PUNCT
n nomprt v post post PUNCT dir proform n nomprt post dir v coordconn PUNCT
dir v PUNCT
PUNCT adv adv n nomprt dir post v PUNCT
PUNCT coordconn quant nomprt n adv post v PUNCT v PUNCT
coordconn dir PUNCT v n nomprt post PUNCT
nvp dir post v PUNCT n PUNCT
v PUNCT
n v PUNCT
proform advlizer n mod adv post PUNCT v PUNCT
proform PUNCT n PUNCT post advlizer v PUNCT post v PUNCT n PUNCT
n n n v PUNCT
inter coordconn v advlizer v PUNCT
proform post post v coordconn dir post v PUNCT
adv v PUNCT
PUNCT proform dem n v mod DM PUNCT v PUNCT
PUNCT dir PUNCT v v advlizer PUNCT
PUNCT v advlizer v PUNCT v PUNCT
adv v post v PUNCT
PUNCT interj dir DM v adv advlizer PUNCT v PUNCT
PUNCT dir v PUNCT v PUNCT
dir v advlizer n nomprt post v PUNCT
PUNCT n post DM dir advlizer v PUNCT
PUNCT post n DM n n adv PUNCT adv advlizer v PUNCT v PUNCT
PUNCT v PUNCT v PUNCT PUNCT adv post v dir PUNCT
PUNCT adv v PUNCT v PUNCT PUNCT adv post v PUNCT
PUNCT inter v advlizer advlizer v verbprt PUNCT v PUNCT
dir post v PUNCT adv post advlizer v PUNCT
coordconn v PUNCT
v PUNCT
PUNCT coordconn advlizer dir n nomprt post v PUNCT
v coordconn advlizer n v n post coordconn n post v PUNCT
n post v PUNCT
proform n adv PUNCT
n v PUNCT
coordconn DM verbprt adv v PUNCT
proform advlizer dir n v post proform PUNCT
adv v post v PUNCT
n post post v PUNCT
adv advlizer v advlizer v dir PUNCT
dir dir n v advlizer advlizer v PUNCT dir v PUNCT
cardnum n post advlizer v PUNCT
coordconn advlizer v PUNCT
proform coordconn adv v post adv advlizer v PUNCT
PUNCT post v coordconn DM n nomprt v post v PUNCT v post v adv advlizer PUNCT
adv advlizer v PUNCT
adv post v PUNCT
v PUNCT
proform advlizer v PUNCT dir post advlizer v PUNCT
n nomprt DM dir PUNCT
n nomprt PUNCT adv PUNCT post PUNCT
dir v advlizer coordconn v PUNCT
n post v post adv v advlizer PUNCT
dir v PUNCT post post n v PUNCT n PUNCT
PUNCT adv advlizer n PUNCT post v post v PUNCT v PUNCT
coordconn DM n coordconn n v v v PUNCT
proform DM n n nvp
n nvp
n nvp n v
n post n mod advlizer post v
v
proform n n proform advlizer advlizer v
v v
proform coordconn n verbprt v adv advlizer n mod coordconn quant v advlizer
adv v
n v post n n v
coordconn v v
verbprt mod v verbprt
proform coordconn n v post v
mod
v post advlizer
adv post v v imp
v imp
adv n v n v coordconn
adv dir n v
nvp
v coordconn advlizer v
v advlizer v n nvp advlizer
proform n v
n DM v
adv n v
v v v
n n v
inter post v coordconn v n DM n
n adv
n n v
n advlizer n mod v nomprt v advlizer v
adv advlizer n v coordconn n v post
n adv cardnum v nvp
n v nvp adv
n n post dir v
n v coordconn
adv cardnum v coordconn
v
proform
adv
n proform DM n v
n adv v n post
n v
n
adv n cardnum n n v
dir n v
post v n v
post v
n inter v n v
inter n v
dem dir
n DM coordconn inter coordconn v advlizer advlizer v
inter n v v v
n nvp v
n nvp advlizer nvp v
n mod v
proform coordconn nvp v
adv v proform coordconn nvp v proform coordconn v
adv n n v
n n adv v coordconn dir v coordconn dir v coordconn advlizer
v
post dir v coordconn verbprt v v
n advlizer v adv n advlizer v
v
verbprt v verbprt v
adv v coordconn
n n advlizer v v
coordconn n advlizer n advlizer v interj v
v
v
inter coordconn v v
n advlizer nvp v
n post advlizer n coordconn v proform advlizer n
coordconn v
n n v v n proform advlizer v
n v
n v v
n nvp post post v
dir v adv n post
n v post v n v
adv advlizer n v
coordconn n DM verbprt v n v advlizer
adv v advlizer n post advlizer post advlizer
coordconn post n v
n v
proform coordconn n adv v proform DM n v coordconn advlizer nvp
coordconn coordconn v DM n n nvp v
n DM v
v
v adv
n post adv advlizer n n post adv post v v
adv v advlizer n nomprt proform coordconn post v
adv v v n post advlizer n adv advlizer dir advlizer inter v v
adv n adv
cardnum n n v
coordconn v coordconn v
n nomprt v
v
n post post advlizer adv v
n post post advlizer v adv
n v coordconn PUNCT v coordconn cardnum advlizer verbprt v coordconn v adv
adv n mod
dir PUNCT v coordconn v n n v dir adv advlizer proform adv v
proform n cardnum v post v PUNCT n n
v v
v post n n nomprt n v coordconn n
dir n v
n mod v
n n PUNCT v
n n v
v
v DM v
v advlizer proform adv v v
coordconn verbprt v adv n coordconn v v
v
adv n nomprt v
adv post dir n post n post v dir post v
proform n DM v
v n nomprt v advlizer v
adv interj coordconn
v post mod v
post v v coordconn
n n post v proform post v coordconn advlizer n n v
interj
n
v
adv cardnum n v
n nomprt DM post adv v
v nvp
proform advlizer v
v post dir v nomprt v v
adv v coordconn
n n advlizer v proform post advlizer v
v cardnum DM v proform adv v coordconn n post v coordconn n post v
proform v v v v n coordconn
proform coordconn v n post n post
adv v
n v v post v
proform DM proform DM v
v
proform DM cardnum n v
v
verbprt v proform post DM n v
adv v v
n n n
n v
adv inter v v n v
n v adv n adv n n coordconn adv
inter v DM v
proform coordconn v
coordconn n dir post n v coordconn v n
inter v coordconn n post v
coordconn n interj v adv post adv n v
coordconn verbprt v
post v advlizer
dir n post post v v
adv post n v
n advlizer v
n v v
proform adv n verbprt n adv adv v
n mod v
adv
v adv advlizer v
coordconn v coordconn dir n v post v
dir n v v coordconn
adv v v
v n v coordconn
n v post adv adv v advlizer v
pro DM dir v v
n PUNCT n v post n post v adv v PUNCT adv v advlizer
post n v
v post adv v advlizer v
adv advlizer n n n advlizer advlizer v
adv n v post adv v post cardnum PUNCT cardnum post
proform post DM n v
verbprt n adv advlizer v coordconn
n post n v coordconn advlizer post v
coordconn adv v
dem DM v post v post n v PUNCT
coordconn v PUNCT
adv post n PUNCT advlizer v PUNCT
NUM PUNCT
PUNCT coordconn PUNCT adv post PUNCT v PUNCT v advlizer v PUNCT
v PUNCT
post v advlizer PUNCT n adv v PUNCT
PUNCT coordconn DM PUNCT v dem advlizer v post PUNCT
post v PUNCT
n v coordconn adv v DM v PUNCT
n adv nvp advlizer PUNCT
proform v PUNCT
pro verbprt v PUNCT
v PUNCT
inter post v DM PUNCT interj PUNCT
interj v PUNCT
v post PUNCT interj v PUNCT
inter DM v v PUNCT adv v PUNCT
v coordconn PUNCT
n nvp PUNCT
coordconn PUNCT PUNCT interj PUNCT adv adv PUNCT v PUNCT post PUNCT v PUNCT
advlizer v PUNCT
dir post PUNCT
PUNCT coordconn PUNCT v adv v advlizer PUNCT
pro PUNCT verbprt v PUNCT
v PUNCT
n advlizer PUNCT verbprt v PUNCT
PUNCT inter v post v PUNCT v PUNCT
PUNCT interj PUNCT
PUNCT nvp PUNCT v PUNCT
PUNCT verbprt v PUNCT
PUNCT v PUNCT
n advlizer v post dir n post PUNCT
v coordconn dir v post PUNCT
n post v coordconn dir n v PUNCT
PUNCT v PUNCT
adv DM n adv nvp proform adv dir v PUNCT
PUNCT n advlizer n v proform n n post PUNCT
n v PUNCT
v PUNCT
v coordconn PUNCT n n mod PUNCT v PUNCT
PUNCT inter PUNCT
n mod v post post v PUNCT
PUNCT inter DM verbprt adv v n n v PUNCT
PUNCT coordconn n post v PUNCT
v PUNCT advlizer coordconn advlizer verbprt post v PUNCT
v PUNCT
coordconn n n v coordconn v PUNCT
coordconn PUNCT NUM
coordconn n v PUNCT
adv v post PUNCT
coordconn adv v v post v v PUNCT
n quant advlizer v PUNCT coordconn coordconn PUNCT adv v v advlizer n nomprt n v PUNCT
n nvp PUNCT
PUNCT coordconn PUNCT adv DM n n v PUNCT
n mod v PUNCT
PUNCT n post v PUNCT
n PUNCT n n advlizer v v PUNCT
n v adv post PUNCT
n v coordconn v n mod coordconn v n post PUNCT
post PUNCT PUNCT n v PUNCT n v post v adv DM v PUNCT
v post PUNCT
coordconn dir n v nomprt v PUNCT
PUNCT coordconn n v v PUNCT
adv post DM PUNCT PUNCT pro advlizer advlizer v v v post PUNCT
post v post PUNCT n mod PUNCT nvp post v PUNCT
coordconn adv n v v PUNCT
PUNCT pro PUNCT DM n mod v PUNCT
verbprt v advlizer v v n mod PUNCT
coordconn adv post adv PUNCT
adv PUNCT
